SF:C:\Users\public\myapps\corelibrary\Program.cs
FN:8,System.Int32 Calculator::Add(System.Int32,System.Int32)
FNDA:1,System.Int32 Calculator::Add(System.Int32,System.Int32)
DA:9,1
DA:10,1
DA:11,1
FN:17,System.String TextUtils::GetFullName(System.String,System.String)
FNDA:1,System.String TextUtils::GetFullName(System.String,System.String)
DA:18,1
DA:19,1
DA:20,1
FN:25,System.Boolean AgeChecker::IsAdult(System.Int32)
FNDA:1,System.Boolean AgeChecker::IsAdult(System.Int32)
DA:26,1
DA:27,1
DA:28,1
LF:9
LH:9
BRF:0
BRH:0
FNF:3
FNH:3
end_of_record
SF:C:\Users\info\.nuget\packages\microsoft.net.test.sdk\18.3.0\build\net8.0\Microsoft.NET.Test.Sdk.Program.cs
FN:3,System.Void AutoGeneratedProgram::Main(System.String[])
FNDA:0,System.Void AutoGeneratedProgram::Main(System.String[])
DA:4,0
LF:1
LH:0
BRF:0
BRH:0
FNF:1
FNH:0
end_of_record
SF:C:\Users\public\myapps\corelibrary\CoreLibrary.Tests\UnitTest1.cs
FN:8,System.Void CoreLibrary.Tests.CalculatorTests::Add_ShouldReturnCorrectSum()
FNDA:0,System.Void CoreLibrary.Tests.CalculatorTests::Add_ShouldReturnCorrectSum()
DA:9,0
DA:11,0
DA:14,0
DA:17,0
DA:18,0
FN:25,System.Void CoreLibrary.Tests.TextUtilsTests::GetFullName_ShouldReturnFullName()
FNDA:0,System.Void CoreLibrary.Tests.TextUtilsTests::GetFullName_ShouldReturnFullName()
DA:26,0
DA:28,0
DA:31,0
DA:34,0
DA:35,0
FN:41,System.Void CoreLibrary.Tests.AgeCheckerTests::IsAdult_ShouldReturnTrue_WhenAgeIs18OrMore()
FNDA:0,System.Void CoreLibrary.Tests.AgeCheckerTests::IsAdult_ShouldReturnTrue_WhenAgeIs18OrMore()
DA:42,0
DA:44,0
DA:47,0
DA:50,0
DA:51,0
LF:15
LH:0
BRF:0
BRH:0
FNF:3
FNH:0
end_of_record